[INFO  - 2018-10-04T02:54:45.616Z] GhostDriver - Main - running on port 60641
[INFO  - 2018-10-04T02:54:50.073Z] Session [dc4d87d0-c780-11e8-b932-c32f084d2c19] - page.settings - {"XSSAuditingEnabled":false,"javascriptCanCloseWindows":true,"javascriptCanOpenWindows":true,"javascriptEnabled":true,"loadImages":true,"localToRemoteUrlAccessEnabled":false,"userAgent":"Mozilla/5.0 (Windows NT 6.1; WOW64) AppleWebKit/538.1 (KHTML, like Gecko) PhantomJS/2.1.1 Safari/538.1","webSecurityEnabled":true}
[INFO  - 2018-10-04T02:54:50.073Z] Session [dc4d87d0-c780-11e8-b932-c32f084d2c19] - page.customHeaders:  - {}
[INFO  - 2018-10-04T02:54:50.073Z] Session [dc4d87d0-c780-11e8-b932-c32f084d2c19] - Session.negotiatedCapabilities - {"browserName":"phantomjs","version":"2.1.1","driverName":"ghostdriver","driverVersion":"1.2.0","platform":"windows-7-32bit","javascriptEnabled":true,"takesScreenshot":true,"handlesAlerts":false,"databaseEnabled":false,"locationContextEnabled":false,"applicationCacheEnabled":false,"browserConnectionEnabled":false,"cssSelectorsEnabled":true,"webStorageEnabled":false,"rotatable":false,"acceptSslCerts":false,"nativeEvents":true,"proxy":{"proxyType":"direct"}}
[INFO  - 2018-10-04T02:54:50.074Z] SessionManagerReqHand - _postNewSessionCommand - New Session Created: dc4d87d0-c780-11e8-b932-c32f084d2c19
[ERROR - 2018-10-04T02:54:50.784Z] Session [dc4d87d0-c780-11e8-b932-c32f084d2c19] - page.onError - msg: TypeError: null is not an object (evaluating 'da_ua.match(/Version\/([0-9\.]+)/i)[1]')

  phantomjs://platform/console++.js:263 in error
[ERROR - 2018-10-04T02:54:50.784Z] Session [dc4d87d0-c780-11e8-b932-c32f084d2c19] - page.onError - stack:
  searchBrowserVersion (https://ssl.pstatic.net/tveta/libs/assets/js/pc/main/min/pc.veta.core.min.js?20170323:1)
  init (https://ssl.pstatic.net/tveta/libs/assets/js/pc/main/min/pc.veta.core.min.js?20170323:1)

  phantomjs://platform/console++.js:263 in error
[ERROR - 2018-10-04T02:54:50.785Z] Session [dc4d87d0-c780-11e8-b932-c32f084d2c19] - page.onError - msg: TypeError: undefined is not a constructor (evaluating 'new Nimp')

  phantomjs://platform/console++.js:263 in error
[ERROR - 2018-10-04T02:54:50.785Z] Session [dc4d87d0-c780-11e8-b932-c32f084d2c19] - page.onError - stack:
  initAd (https://nv.veta.naver.com/fxshow?su=SU10078&nrefreshx=0:30)
  lazyLoading (https://nv.veta.naver.com/fxshow?su=SU10078&nrefreshx=0:25)
  onload (https://nv.veta.naver.com/fxshow?su=SU10078&nrefreshx=0:113)

  phantomjs://platform/console++.js:263 in error
[ERROR - 2018-10-04T02:54:50.792Z] Session [dc4d87d0-c780-11e8-b932-c32f084d2c19] - page.onError - msg: TypeError: null is not an object (evaluating 'da_ua.match(/Version\/([0-9\.]+)/i)[1]')

  phantomjs://platform/console++.js:263 in error
[ERROR - 2018-10-04T02:54:50.792Z] Session [dc4d87d0-c780-11e8-b932-c32f084d2c19] - page.onError - stack:
  searchBrowserVersion (https://ssl.pstatic.net/tveta/libs/assets/js/pc/main/min/pc.veta.core.min.js?20170421:1)
  init (https://ssl.pstatic.net/tveta/libs/assets/js/pc/main/min/pc.veta.core.min.js?20170421:1)

  phantomjs://platform/console++.js:263 in error
[ERROR - 2018-10-04T02:54:50.799Z] Session [dc4d87d0-c780-11e8-b932-c32f084d2c19] - page.onError - msg: TypeError: null is not an object (evaluating 'da_ua.match(/Version\/([0-9\.]+)/i)[1]')

  phantomjs://platform/console++.js:263 in error
[ERROR - 2018-10-04T02:54:50.799Z] Session [dc4d87d0-c780-11e8-b932-c32f084d2c19] - page.onError - stack:
  searchBrowserVersion (https://ssl.pstatic.net/tveta/libs/assets/js/pc/main/min/pc.veta.core.min.js?20170222:1)
  init (https://ssl.pstatic.net/tveta/libs/assets/js/pc/main/min/pc.veta.core.min.js?20170222:1)

  phantomjs://platform/console++.js:263 in error
[ERROR - 2018-10-04T02:54:50.852Z] Session [dc4d87d0-c780-11e8-b932-c32f084d2c19] - page.onError - msg: TypeError: undefined is not a constructor (evaluating 'new Nimp')

  phantomjs://platform/console++.js:263 in error
[ERROR - 2018-10-04T02:54:50.852Z] Session [dc4d87d0-c780-11e8-b932-c32f084d2c19] - page.onError - stack:
  initAd (https://nv.veta.naver.com/fxshow?su=SU10079&nrefreshx=0:25)
  onload (https://nv.veta.naver.com/fxshow?su=SU10079&nrefreshx=0:9)

  phantomjs://platform/console++.js:263 in error
[ERROR - 2018-10-04T02:54:51.448Z] Session [dc4d87d0-c780-11e8-b932-c32f084d2c19] - page.onError - msg: TypeError: null is not an object (evaluating 'da_ua.match(/Version\/([0-9\.]+)/i)[1]')

  phantomjs://platform/console++.js:263 in error
[ERROR - 2018-10-04T02:54:51.448Z] Session [dc4d87d0-c780-11e8-b932-c32f084d2c19] - page.onError - stack:
  searchBrowserVersion (https://ssl.pstatic.net/tveta/libs/assets/js/pc/main/min/pc.veta.core.min.js?20180330:1)
  init (https://ssl.pstatic.net/tveta/libs/assets/js/pc/main/min/pc.veta.core.min.js?20180330:1)

  phantomjs://platform/console++.js:263 in error
[ERROR - 2018-10-04T02:54:51.535Z] Session [dc4d87d0-c780-11e8-b932-c32f084d2c19] - page.onError - msg: TypeError: undefined is not a constructor (evaluating 'new NBP_CORP.Nimp()')

  phantomjs://platform/console++.js:263 in error
[ERROR - 2018-10-04T02:54:51.536Z] Session [dc4d87d0-c780-11e8-b932-c32f084d2c19] - page.onError - stack:
  (anonymous function) (undefined:8)

  phantomjs://platform/console++.js:263 in error
